2025-11-23 20:50:11 error: Error: querySrv ENOTFOUND _mongodb._tcp.Arjit0409
    at QueryReqWrap.onresolve [as oncomplete] (node:internal/dns/promises:294:17)
2025-11-23 20:54:45 info: MongoDB connected successfully
2025-11-24 11:59:21 info: MongoDB connected successfully
2025-11-24 12:01:26 info: MongoDB connected successfully
2025-11-24 13:46:37 info: MongoDB connected successfully
2025-11-24 13:47:35 info: MongoDB connected successfully
2025-11-24 13:49:55 info: MongoDB connected successfully
2025-11-24 13:51:18 info: MongoDB connected successfully
2025-11-24 13:54:01 info: MongoDB connected successfully
2025-11-24 13:54:07 info: MongoDB connected successfully
2025-11-24 13:54:39 info: MongoDB connected successfully
2025-11-24 13:54:49 info: User successfully created
2025-11-24 14:22:51 info: MongoDB connected successfully
2025-11-24 14:25:32 info: MongoDB connected successfully
2025-11-24 14:25:47 info: MongoDB connected successfully
2025-11-24 14:26:06 info: MongoDB connected successfully
2025-11-24 14:26:31 info: MongoDB connected successfully
2025-11-24 14:27:11 info: MongoDB connected successfully
2025-11-24 14:30:30 info: MongoDB connected successfully
2025-11-24 14:30:36 info: MongoDB connected successfully
2025-11-24 14:49:36 info: MongoDB connected successfully
2025-11-24 14:50:14 info: MongoDB connected successfully
2025-11-24 14:50:38 info: MongoDB connected successfully
2025-11-24 14:51:26 info: MongoDB connected successfully
2025-11-24 14:53:51 info: MongoDB connected successfully
2025-11-24 14:55:02 info: MongoDB connected successfully
2025-11-24 14:55:24 info: MongoDB connected successfully
2025-11-24 14:55:35 info: MongoDB connected successfully
2025-11-24 14:55:47 info: MongoDB connected successfully
2025-11-24 14:55:52 info: MongoDB connected successfully
2025-11-24 14:56:20 info: MongoDB connected successfully
2025-11-24 14:56:40 info: MongoDB connected successfully
2025-11-24 14:57:03 info: MongoDB connected successfully
2025-11-24 14:57:12 info: MongoDB connected successfully
2025-11-24 15:37:27 info: MongoDB connected successfully
2025-11-24 15:38:31 warn: User already exists with this email or username
2025-11-24 15:38:33 warn: User already exists with this email or username
2025-11-24 15:40:11 info: MongoDB connected successfully
2025-11-24 15:40:18 info: MongoDB connected successfully
2025-11-24 15:40:28 info: MongoDB connected successfully
2025-11-24 15:40:47 info: MongoDB connected successfully
2025-11-24 15:41:39 info: MongoDB connected successfully
2025-11-24 15:42:23 warn: User already exists with this email or username
2025-11-24 15:45:33 info: MongoDB connected successfully
2025-11-24 15:48:52 warn: User already exists with this email or username
2025-11-24 15:49:28 warn: User already exists with this email or username
2025-11-24 15:49:29 warn: User already exists with this email or username
2025-11-24 15:50:21 warn: User already exists with this email or username
2025-11-24 15:50:27 warn: User already exists with this email or username
2025-11-24 15:52:37 info: MongoDB connected successfully
2025-11-24 15:52:55 warn: User already exists with this email or username
2025-11-24 15:52:55 warn: User already exists with this email or username
2025-11-24 16:46:05 info: MongoDB connected successfully
2025-11-24 16:46:11 warn: User already exists with this email or username
2025-11-24 16:46:14 warn: User already exists with this email or username
2025-11-24 16:46:14 warn: User already exists with this email or username
2025-11-24 16:46:14 warn: User already exists with this email or username
2025-11-24 16:46:14 warn: User already exists with this email or username
2025-11-24 16:46:14 warn: User already exists with this email or username
2025-11-24 16:46:14 warn: User already exists with this email or username
2025-11-24 16:46:14 warn: User already exists with this email or username
2025-11-24 16:46:15 warn: User already exists with this email or username
2025-11-24 16:46:15 warn: User already exists with this email or username
2025-11-24 16:46:15 warn: User already exists with this email or username
2025-11-24 16:46:15 warn: User already exists with this email or username
2025-11-24 16:46:15 warn: User already exists with this email or username
2025-11-24 17:25:55 info: MongoDB connected successfully
2025-11-24 17:26:05 error: Username or Email is required
2025-11-24 17:26:16 error: Username or Email is required
2025-11-24 17:27:14 error: Username or Email is required
2025-11-24 17:29:16 info: MongoDB connected successfully
2025-11-24 17:29:19 error: Username or Email is required
2025-11-24 17:30:52 info: MongoDB connected successfully
2025-11-24 17:30:59 error: Incorrect password
2025-11-24 17:31:10 error: Incorrect password
2025-11-24 17:33:16 info: User successfully created
2025-11-24 17:34:43 warn: User already exists with this email or username
2025-11-24 17:36:20 info: MongoDB connected successfully
2025-11-24 17:36:36 info: MongoDB connected successfully
2025-11-24 17:37:04 error: Incorrect password
2025-11-24 17:39:24 info: MongoDB connected successfully
2025-11-24 20:58:01 info: MongoDB connected successfully
2025-11-24 20:58:04 error: Token not found
2025-11-24 20:58:04 error: JsonWebTokenError: jwt must be provided
    at Object.module.exports [as verify] (/home/harshit/Amzon-Web-Services/backend/node_modules/jsonwebtoken/verify.js:60:17)
    at verifyJwt (/home/harshit/Amzon-Web-Services/backend/src/middlewares/authentication.middleware.ts:34:25)
    at Layer.handleRequest (/home/harshit/Amzon-Web-Services/backend/node_modules/router/lib/layer.js:152:17)
    at next (/home/harshit/Amzon-Web-Services/backend/node_modules/router/lib/route.js:157:13)
    at Route.dispatch (/home/harshit/Amzon-Web-Services/backend/node_modules/router/lib/route.js:117:3)
    at handle (/home/harshit/Amzon-Web-Services/backend/node_modules/router/index.js:435:11)
    at Layer.handleRequest (/home/harshit/Amzon-Web-Services/backend/node_modules/router/lib/layer.js:152:17)
    at /home/harshit/Amzon-Web-Services/backend/node_modules/router/index.js:295:15
    at processParams (/home/harshit/Amzon-Web-Services/backend/node_modules/router/index.js:582:12)
    at next (/home/harshit/Amzon-Web-Services/backend/node_modules/router/index.js:291:5)
2025-11-24 20:58:24 error: Token not found
2025-11-24 20:58:24 error: JsonWebTokenError: jwt must be provided
    at Object.module.exports [as verify] (/home/harshit/Amzon-Web-Services/backend/node_modules/jsonwebtoken/verify.js:60:17)
    at verifyJwt (/home/harshit/Amzon-Web-Services/backend/src/middlewares/authentication.middleware.ts:34:25)
    at Layer.handleRequest (/home/harshit/Amzon-Web-Services/backend/node_modules/router/lib/layer.js:152:17)
    at next (/home/harshit/Amzon-Web-Services/backend/node_modules/router/lib/route.js:157:13)
    at Route.dispatch (/home/harshit/Amzon-Web-Services/backend/node_modules/router/lib/route.js:117:3)
    at handle (/home/harshit/Amzon-Web-Services/backend/node_modules/router/index.js:435:11)
    at Layer.handleRequest (/home/harshit/Amzon-Web-Services/backend/node_modules/router/lib/layer.js:152:17)
    at /home/harshit/Amzon-Web-Services/backend/node_modules/router/index.js:295:15
    at processParams (/home/harshit/Amzon-Web-Services/backend/node_modules/router/index.js:582:12)
    at next (/home/harshit/Amzon-Web-Services/backend/node_modules/router/index.js:291:5)
2025-11-24 20:59:01 info: MongoDB connected successfully
2025-11-24 21:08:41 info: MongoDB connected successfully
2025-11-24 21:09:18 error: Token not found
2025-11-24 21:09:18 error: JsonWebTokenError: jwt must be provided
    at Object.module.exports [as verify] (/home/harshit/Amzon-Web-Services/backend/node_modules/jsonwebtoken/verify.js:60:17)
    at verifyJwt (/home/harshit/Amzon-Web-Services/backend/src/middlewares/authentication.middleware.ts:34:25)
    at Layer.handleRequest (/home/harshit/Amzon-Web-Services/backend/node_modules/router/lib/layer.js:152:17)
    at next (/home/harshit/Amzon-Web-Services/backend/node_modules/router/lib/route.js:157:13)
    at Route.dispatch (/home/harshit/Amzon-Web-Services/backend/node_modules/router/lib/route.js:117:3)
    at handle (/home/harshit/Amzon-Web-Services/backend/node_modules/router/index.js:435:11)
    at Layer.handleRequest (/home/harshit/Amzon-Web-Services/backend/node_modules/router/lib/layer.js:152:17)
    at /home/harshit/Amzon-Web-Services/backend/node_modules/router/index.js:295:15
    at processParams (/home/harshit/Amzon-Web-Services/backend/node_modules/router/index.js:582:12)
    at next (/home/harshit/Amzon-Web-Services/backend/node_modules/router/index.js:291:5)
2025-11-24 21:09:38 error: Token not found
2025-11-24 21:09:38 error: JsonWebTokenError: jwt must be provided
    at Object.module.exports [as verify] (/home/harshit/Amzon-Web-Services/backend/node_modules/jsonwebtoken/verify.js:60:17)
    at verifyJwt (/home/harshit/Amzon-Web-Services/backend/src/middlewares/authentication.middleware.ts:34:25)
    at Layer.handleRequest (/home/harshit/Amzon-Web-Services/backend/node_modules/router/lib/layer.js:152:17)
    at next (/home/harshit/Amzon-Web-Services/backend/node_modules/router/lib/route.js:157:13)
    at Route.dispatch (/home/harshit/Amzon-Web-Services/backend/node_modules/router/lib/route.js:117:3)
    at handle (/home/harshit/Amzon-Web-Services/backend/node_modules/router/index.js:435:11)
    at Layer.handleRequest (/home/harshit/Amzon-Web-Services/backend/node_modules/router/lib/layer.js:152:17)
    at /home/harshit/Amzon-Web-Services/backend/node_modules/router/index.js:295:15
    at processParams (/home/harshit/Amzon-Web-Services/backend/node_modules/router/index.js:582:12)
    at next (/home/harshit/Amzon-Web-Services/backend/node_modules/router/index.js:291:5)
2025-11-24 21:09:46 error: Token not found
2025-11-24 21:09:46 error: JsonWebTokenError: jwt must be provided
    at Object.module.exports [as verify] (/home/harshit/Amzon-Web-Services/backend/node_modules/jsonwebtoken/verify.js:60:17)
    at verifyJwt (/home/harshit/Amzon-Web-Services/backend/src/middlewares/authentication.middleware.ts:34:25)
    at Layer.handleRequest (/home/harshit/Amzon-Web-Services/backend/node_modules/router/lib/layer.js:152:17)
    at next (/home/harshit/Amzon-Web-Services/backend/node_modules/router/lib/route.js:157:13)
    at Route.dispatch (/home/harshit/Amzon-Web-Services/backend/node_modules/router/lib/route.js:117:3)
    at handle (/home/harshit/Amzon-Web-Services/backend/node_modules/router/index.js:435:11)
    at Layer.handleRequest (/home/harshit/Amzon-Web-Services/backend/node_modules/router/lib/layer.js:152:17)
    at /home/harshit/Amzon-Web-Services/backend/node_modules/router/index.js:295:15
    at processParams (/home/harshit/Amzon-Web-Services/backend/node_modules/router/index.js:582:12)
    at next (/home/harshit/Amzon-Web-Services/backend/node_modules/router/index.js:291:5)
2025-11-24 21:10:06 error: Token not found
2025-11-24 21:10:06 error: JsonWebTokenError: jwt must be provided
    at Object.module.exports [as verify] (/home/harshit/Amzon-Web-Services/backend/node_modules/jsonwebtoken/verify.js:60:17)
    at verifyJwt (/home/harshit/Amzon-Web-Services/backend/src/middlewares/authentication.middleware.ts:34:25)
    at Layer.handleRequest (/home/harshit/Amzon-Web-Services/backend/node_modules/router/lib/layer.js:152:17)
    at next (/home/harshit/Amzon-Web-Services/backend/node_modules/router/lib/route.js:157:13)
    at Route.dispatch (/home/harshit/Amzon-Web-Services/backend/node_modules/router/lib/route.js:117:3)
    at handle (/home/harshit/Amzon-Web-Services/backend/node_modules/router/index.js:435:11)
    at Layer.handleRequest (/home/harshit/Amzon-Web-Services/backend/node_modules/router/lib/layer.js:152:17)
    at /home/harshit/Amzon-Web-Services/backend/node_modules/router/index.js:295:15
    at processParams (/home/harshit/Amzon-Web-Services/backend/node_modules/router/index.js:582:12)
    at next (/home/harshit/Amzon-Web-Services/backend/node_modules/router/index.js:291:5)
2025-11-24 21:11:10 info: MongoDB connected successfully
2025-11-24 21:11:48 error: Token not found
2025-11-24 21:11:48 error: JsonWebTokenError: jwt must be provided
    at Object.module.exports [as verify] (/home/harshit/Amzon-Web-Services/backend/node_modules/jsonwebtoken/verify.js:60:17)
    at verifyJwt (/home/harshit/Amzon-Web-Services/backend/src/middlewares/authentication.middleware.ts:34:25)
    at Layer.handleRequest (/home/harshit/Amzon-Web-Services/backend/node_modules/router/lib/layer.js:152:17)
    at next (/home/harshit/Amzon-Web-Services/backend/node_modules/router/lib/route.js:157:13)
    at Route.dispatch (/home/harshit/Amzon-Web-Services/backend/node_modules/router/lib/route.js:117:3)
    at handle (/home/harshit/Amzon-Web-Services/backend/node_modules/router/index.js:435:11)
    at Layer.handleRequest (/home/harshit/Amzon-Web-Services/backend/node_modules/router/lib/layer.js:152:17)
    at /home/harshit/Amzon-Web-Services/backend/node_modules/router/index.js:295:15
    at processParams (/home/harshit/Amzon-Web-Services/backend/node_modules/router/index.js:582:12)
    at next (/home/harshit/Amzon-Web-Services/backend/node_modules/router/index.js:291:5)
2025-11-24 21:12:16 info: MongoDB connected successfully
2025-11-24 21:12:22 error: Token not found
2025-11-24 21:12:22 error: JsonWebTokenError: jwt must be provided
    at Object.module.exports [as verify] (/home/harshit/Amzon-Web-Services/backend/node_modules/jsonwebtoken/verify.js:60:17)
    at verifyJwt (/home/harshit/Amzon-Web-Services/backend/src/middlewares/authentication.middleware.ts:34:25)
    at Layer.handleRequest (/home/harshit/Amzon-Web-Services/backend/node_modules/router/lib/layer.js:152:17)
    at next (/home/harshit/Amzon-Web-Services/backend/node_modules/router/lib/route.js:157:13)
    at Route.dispatch (/home/harshit/Amzon-Web-Services/backend/node_modules/router/lib/route.js:117:3)
    at handle (/home/harshit/Amzon-Web-Services/backend/node_modules/router/index.js:435:11)
    at Layer.handleRequest (/home/harshit/Amzon-Web-Services/backend/node_modules/router/lib/layer.js:152:17)
    at /home/harshit/Amzon-Web-Services/backend/node_modules/router/index.js:295:15
    at processParams (/home/harshit/Amzon-Web-Services/backend/node_modules/router/index.js:582:12)
    at next (/home/harshit/Amzon-Web-Services/backend/node_modules/router/index.js:291:5)
2025-11-24 21:12:42 error: Token not found
2025-11-24 21:12:42 error: JsonWebTokenError: jwt must be provided
    at Object.module.exports [as verify] (/home/harshit/Amzon-Web-Services/backend/node_modules/jsonwebtoken/verify.js:60:17)
    at verifyJwt (/home/harshit/Amzon-Web-Services/backend/src/middlewares/authentication.middleware.ts:34:25)
    at Layer.handleRequest (/home/harshit/Amzon-Web-Services/backend/node_modules/router/lib/layer.js:152:17)
    at next (/home/harshit/Amzon-Web-Services/backend/node_modules/router/lib/route.js:157:13)
    at Route.dispatch (/home/harshit/Amzon-Web-Services/backend/node_modules/router/lib/route.js:117:3)
    at handle (/home/harshit/Amzon-Web-Services/backend/node_modules/router/index.js:435:11)
    at Layer.handleRequest (/home/harshit/Amzon-Web-Services/backend/node_modules/router/lib/layer.js:152:17)
    at /home/harshit/Amzon-Web-Services/backend/node_modules/router/index.js:295:15
    at processParams (/home/harshit/Amzon-Web-Services/backend/node_modules/router/index.js:582:12)
    at next (/home/harshit/Amzon-Web-Services/backend/node_modules/router/index.js:291:5)
2025-11-24 21:14:18 info: MongoDB connected successfully
2025-11-24 21:14:25 error: Token not found
2025-11-24 21:14:25 error: JsonWebTokenError: jwt must be provided
    at Object.module.exports [as verify] (/home/harshit/Amzon-Web-Services/backend/node_modules/jsonwebtoken/verify.js:60:17)
    at verifyJwt (/home/harshit/Amzon-Web-Services/backend/src/middlewares/authentication.middleware.ts:34:25)
    at Layer.handleRequest (/home/harshit/Amzon-Web-Services/backend/node_modules/router/lib/layer.js:152:17)
    at next (/home/harshit/Amzon-Web-Services/backend/node_modules/router/lib/route.js:157:13)
    at Route.dispatch (/home/harshit/Amzon-Web-Services/backend/node_modules/router/lib/route.js:117:3)
    at handle (/home/harshit/Amzon-Web-Services/backend/node_modules/router/index.js:435:11)
    at Layer.handleRequest (/home/harshit/Amzon-Web-Services/backend/node_modules/router/lib/layer.js:152:17)
    at /home/harshit/Amzon-Web-Services/backend/node_modules/router/index.js:295:15
    at processParams (/home/harshit/Amzon-Web-Services/backend/node_modules/router/index.js:582:12)
    at next (/home/harshit/Amzon-Web-Services/backend/node_modules/router/index.js:291:5)
2025-11-24 21:14:46 info: MongoDB connected successfully
2025-11-24 21:14:51 info: MongoDB connected successfully
2025-11-24 21:15:02 info: MongoDB connected successfully
2025-11-24 21:15:04 error: Token not found
2025-11-24 21:15:04 error: JsonWebTokenError: jwt must be provided
    at Object.module.exports [as verify] (/home/harshit/Amzon-Web-Services/backend/node_modules/jsonwebtoken/verify.js:60:17)
    at verifyJwt (/home/harshit/Amzon-Web-Services/backend/src/middlewares/authentication.middleware.ts:34:25)
    at Layer.handleRequest (/home/harshit/Amzon-Web-Services/backend/node_modules/router/lib/layer.js:152:17)
    at next (/home/harshit/Amzon-Web-Services/backend/node_modules/router/lib/route.js:157:13)
    at Route.dispatch (/home/harshit/Amzon-Web-Services/backend/node_modules/router/lib/route.js:117:3)
    at handle (/home/harshit/Amzon-Web-Services/backend/node_modules/router/index.js:435:11)
    at Layer.handleRequest (/home/harshit/Amzon-Web-Services/backend/node_modules/router/lib/layer.js:152:17)
    at /home/harshit/Amzon-Web-Services/backend/node_modules/router/index.js:295:15
    at processParams (/home/harshit/Amzon-Web-Services/backend/node_modules/router/index.js:582:12)
    at next (/home/harshit/Amzon-Web-Services/backend/node_modules/router/index.js:291:5)
2025-11-24 21:15:24 error: Token not found
2025-11-24 21:15:24 error: JsonWebTokenError: jwt must be provided
    at Object.module.exports [as verify] (/home/harshit/Amzon-Web-Services/backend/node_modules/jsonwebtoken/verify.js:60:17)
    at verifyJwt (/home/harshit/Amzon-Web-Services/backend/src/middlewares/authentication.middleware.ts:34:25)
    at Layer.handleRequest (/home/harshit/Amzon-Web-Services/backend/node_modules/router/lib/layer.js:152:17)
    at next (/home/harshit/Amzon-Web-Services/backend/node_modules/router/lib/route.js:157:13)
    at Route.dispatch (/home/harshit/Amzon-Web-Services/backend/node_modules/router/lib/route.js:117:3)
    at handle (/home/harshit/Amzon-Web-Services/backend/node_modules/router/index.js:435:11)
    at Layer.handleRequest (/home/harshit/Amzon-Web-Services/backend/node_modules/router/lib/layer.js:152:17)
    at /home/harshit/Amzon-Web-Services/backend/node_modules/router/index.js:295:15
    at processParams (/home/harshit/Amzon-Web-Services/backend/node_modules/router/index.js:582:12)
    at next (/home/harshit/Amzon-Web-Services/backend/node_modules/router/index.js:291:5)
2025-11-24 21:15:41 error: Token not found
2025-11-24 21:15:41 error: JsonWebTokenError: jwt must be provided
    at Object.module.exports [as verify] (/home/harshit/Amzon-Web-Services/backend/node_modules/jsonwebtoken/verify.js:60:17)
    at verifyJwt (/home/harshit/Amzon-Web-Services/backend/src/middlewares/authentication.middleware.ts:34:25)
    at Layer.handleRequest (/home/harshit/Amzon-Web-Services/backend/node_modules/router/lib/layer.js:152:17)
    at next (/home/harshit/Amzon-Web-Services/backend/node_modules/router/lib/route.js:157:13)
    at Route.dispatch (/home/harshit/Amzon-Web-Services/backend/node_modules/router/lib/route.js:117:3)
    at handle (/home/harshit/Amzon-Web-Services/backend/node_modules/router/index.js:435:11)
    at Layer.handleRequest (/home/harshit/Amzon-Web-Services/backend/node_modules/router/lib/layer.js:152:17)
    at /home/harshit/Amzon-Web-Services/backend/node_modules/router/index.js:295:15
    at processParams (/home/harshit/Amzon-Web-Services/backend/node_modules/router/index.js:582:12)
    at next (/home/harshit/Amzon-Web-Services/backend/node_modules/router/index.js:291:5)
2025-11-24 21:16:01 error: Token not found
2025-11-24 21:16:01 error: JsonWebTokenError: jwt must be provided
    at Object.module.exports [as verify] (/home/harshit/Amzon-Web-Services/backend/node_modules/jsonwebtoken/verify.js:60:17)
    at verifyJwt (/home/harshit/Amzon-Web-Services/backend/src/middlewares/authentication.middleware.ts:34:25)
    at Layer.handleRequest (/home/harshit/Amzon-Web-Services/backend/node_modules/router/lib/layer.js:152:17)
    at next (/home/harshit/Amzon-Web-Services/backend/node_modules/router/lib/route.js:157:13)
    at Route.dispatch (/home/harshit/Amzon-Web-Services/backend/node_modules/router/lib/route.js:117:3)
    at handle (/home/harshit/Amzon-Web-Services/backend/node_modules/router/index.js:435:11)
    at Layer.handleRequest (/home/harshit/Amzon-Web-Services/backend/node_modules/router/lib/layer.js:152:17)
    at /home/harshit/Amzon-Web-Services/backend/node_modules/router/index.js:295:15
    at processParams (/home/harshit/Amzon-Web-Services/backend/node_modules/router/index.js:582:12)
    at next (/home/harshit/Amzon-Web-Services/backend/node_modules/router/index.js:291:5)
2025-11-24 21:16:13 info: MongoDB connected successfully
2025-11-24 21:16:54 info: MongoDB connected successfully
2025-11-24 21:17:00 error: Token not found
2025-11-24 21:17:00 error: JsonWebTokenError: jwt must be provided
    at Object.module.exports [as verify] (/home/harshit/Amzon-Web-Services/backend/node_modules/jsonwebtoken/verify.js:60:17)
    at verifyJwt (/home/harshit/Amzon-Web-Services/backend/src/middlewares/authentication.middleware.ts:34:25)
    at Layer.handleRequest (/home/harshit/Amzon-Web-Services/backend/node_modules/router/lib/layer.js:152:17)
    at next (/home/harshit/Amzon-Web-Services/backend/node_modules/router/lib/route.js:157:13)
    at Route.dispatch (/home/harshit/Amzon-Web-Services/backend/node_modules/router/lib/route.js:117:3)
    at handle (/home/harshit/Amzon-Web-Services/backend/node_modules/router/index.js:435:11)
    at Layer.handleRequest (/home/harshit/Amzon-Web-Services/backend/node_modules/router/lib/layer.js:152:17)
    at /home/harshit/Amzon-Web-Services/backend/node_modules/router/index.js:295:15
    at processParams (/home/harshit/Amzon-Web-Services/backend/node_modules/router/index.js:582:12)
    at next (/home/harshit/Amzon-Web-Services/backend/node_modules/router/index.js:291:5)
2025-11-24 21:17:15 error: Incorrect password
2025-11-24 21:17:20 error: Token not found
2025-11-24 21:17:20 error: JsonWebTokenError: jwt must be provided
    at Object.module.exports [as verify] (/home/harshit/Amzon-Web-Services/backend/node_modules/jsonwebtoken/verify.js:60:17)
    at verifyJwt (/home/harshit/Amzon-Web-Services/backend/src/middlewares/authentication.middleware.ts:34:25)
    at Layer.handleRequest (/home/harshit/Amzon-Web-Services/backend/node_modules/router/lib/layer.js:152:17)
    at next (/home/harshit/Amzon-Web-Services/backend/node_modules/router/lib/route.js:157:13)
    at Route.dispatch (/home/harshit/Amzon-Web-Services/backend/node_modules/router/lib/route.js:117:3)
    at handle (/home/harshit/Amzon-Web-Services/backend/node_modules/router/index.js:435:11)
    at Layer.handleRequest (/home/harshit/Amzon-Web-Services/backend/node_modules/router/lib/layer.js:152:17)
    at /home/harshit/Amzon-Web-Services/backend/node_modules/router/index.js:295:15
    at processParams (/home/harshit/Amzon-Web-Services/backend/node_modules/router/index.js:582:12)
    at next (/home/harshit/Amzon-Web-Services/backend/node_modules/router/index.js:291:5)
2025-11-24 21:17:24 error: Incorrect password
2025-11-24 21:17:25 error: Incorrect password
2025-11-24 21:17:26 error: Incorrect password
2025-11-24 21:17:26 error: Incorrect password
2025-11-24 21:17:27 error: Incorrect password
2025-11-24 21:18:03 error: Token not found
2025-11-24 21:18:03 error: JsonWebTokenError: jwt must be provided
    at Object.module.exports [as verify] (/home/harshit/Amzon-Web-Services/backend/node_modules/jsonwebtoken/verify.js:60:17)
    at verifyJwt (/home/harshit/Amzon-Web-Services/backend/src/middlewares/authentication.middleware.ts:34:25)
    at Layer.handleRequest (/home/harshit/Amzon-Web-Services/backend/node_modules/router/lib/layer.js:152:17)
    at next (/home/harshit/Amzon-Web-Services/backend/node_modules/router/lib/route.js:157:13)
    at Route.dispatch (/home/harshit/Amzon-Web-Services/backend/node_modules/router/lib/route.js:117:3)
    at handle (/home/harshit/Amzon-Web-Services/backend/node_modules/router/index.js:435:11)
    at Layer.handleRequest (/home/harshit/Amzon-Web-Services/backend/node_modules/router/lib/layer.js:152:17)
    at /home/harshit/Amzon-Web-Services/backend/node_modules/router/index.js:295:15
    at processParams (/home/harshit/Amzon-Web-Services/backend/node_modules/router/index.js:582:12)
    at next (/home/harshit/Amzon-Web-Services/backend/node_modules/router/index.js:291:5)
2025-11-24 21:18:04 error: Token not found
2025-11-24 21:18:04 error: JsonWebTokenError: jwt must be provided
    at Object.module.exports [as verify] (/home/harshit/Amzon-Web-Services/backend/node_modules/jsonwebtoken/verify.js:60:17)
    at verifyJwt (/home/harshit/Amzon-Web-Services/backend/src/middlewares/authentication.middleware.ts:34:25)
    at Layer.handleRequest (/home/harshit/Amzon-Web-Services/backend/node_modules/router/lib/layer.js:152:17)
    at next (/home/harshit/Amzon-Web-Services/backend/node_modules/router/lib/route.js:157:13)
    at Route.dispatch (/home/harshit/Amzon-Web-Services/backend/node_modules/router/lib/route.js:117:3)
    at handle (/home/harshit/Amzon-Web-Services/backend/node_modules/router/index.js:435:11)
    at Layer.handleRequest (/home/harshit/Amzon-Web-Services/backend/node_modules/router/lib/layer.js:152:17)
    at /home/harshit/Amzon-Web-Services/backend/node_modules/router/index.js:295:15
    at processParams (/home/harshit/Amzon-Web-Services/backend/node_modules/router/index.js:582:12)
    at next (/home/harshit/Amzon-Web-Services/backend/node_modules/router/index.js:291:5)
2025-11-24 21:18:05 error: Token not found
2025-11-24 21:18:05 error: JsonWebTokenError: jwt must be provided
    at Object.module.exports [as verify] (/home/harshit/Amzon-Web-Services/backend/node_modules/jsonwebtoken/verify.js:60:17)
    at verifyJwt (/home/harshit/Amzon-Web-Services/backend/src/middlewares/authentication.middleware.ts:34:25)
    at Layer.handleRequest (/home/harshit/Amzon-Web-Services/backend/node_modules/router/lib/layer.js:152:17)
    at next (/home/harshit/Amzon-Web-Services/backend/node_modules/router/lib/route.js:157:13)
    at Route.dispatch (/home/harshit/Amzon-Web-Services/backend/node_modules/router/lib/route.js:117:3)
    at handle (/home/harshit/Amzon-Web-Services/backend/node_modules/router/index.js:435:11)
    at Layer.handleRequest (/home/harshit/Amzon-Web-Services/backend/node_modules/router/lib/layer.js:152:17)
    at /home/harshit/Amzon-Web-Services/backend/node_modules/router/index.js:295:15
    at processParams (/home/harshit/Amzon-Web-Services/backend/node_modules/router/index.js:582:12)
    at next (/home/harshit/Amzon-Web-Services/backend/node_modules/router/index.js:291:5)
2025-11-24 21:18:05 error: Token not found
2025-11-24 21:18:05 error: JsonWebTokenError: jwt must be provided
    at Object.module.exports [as verify] (/home/harshit/Amzon-Web-Services/backend/node_modules/jsonwebtoken/verify.js:60:17)
    at verifyJwt (/home/harshit/Amzon-Web-Services/backend/src/middlewares/authentication.middleware.ts:34:25)
    at Layer.handleRequest (/home/harshit/Amzon-Web-Services/backend/node_modules/router/lib/layer.js:152:17)
    at next (/home/harshit/Amzon-Web-Services/backend/node_modules/router/lib/route.js:157:13)
    at Route.dispatch (/home/harshit/Amzon-Web-Services/backend/node_modules/router/lib/route.js:117:3)
    at handle (/home/harshit/Amzon-Web-Services/backend/node_modules/router/index.js:435:11)
    at Layer.handleRequest (/home/harshit/Amzon-Web-Services/backend/node_modules/router/lib/layer.js:152:17)
    at /home/harshit/Amzon-Web-Services/backend/node_modules/router/index.js:295:15
    at processParams (/home/harshit/Amzon-Web-Services/backend/node_modules/router/index.js:582:12)
    at next (/home/harshit/Amzon-Web-Services/backend/node_modules/router/index.js:291:5)
2025-11-24 21:18:05 error: Token not found
2025-11-24 21:18:05 error: JsonWebTokenError: jwt must be provided
    at Object.module.exports [as verify] (/home/harshit/Amzon-Web-Services/backend/node_modules/jsonwebtoken/verify.js:60:17)
    at verifyJwt (/home/harshit/Amzon-Web-Services/backend/src/middlewares/authentication.middleware.ts:34:25)
    at Layer.handleRequest (/home/harshit/Amzon-Web-Services/backend/node_modules/router/lib/layer.js:152:17)
    at next (/home/harshit/Amzon-Web-Services/backend/node_modules/router/lib/route.js:157:13)
    at Route.dispatch (/home/harshit/Amzon-Web-Services/backend/node_modules/router/lib/route.js:117:3)
    at handle (/home/harshit/Amzon-Web-Services/backend/node_modules/router/index.js:435:11)
    at Layer.handleRequest (/home/harshit/Amzon-Web-Services/backend/node_modules/router/lib/layer.js:152:17)
    at /home/harshit/Amzon-Web-Services/backend/node_modules/router/index.js:295:15
    at processParams (/home/harshit/Amzon-Web-Services/backend/node_modules/router/index.js:582:12)
    at next (/home/harshit/Amzon-Web-Services/backend/node_modules/router/index.js:291:5)
2025-11-24 21:18:06 error: Token not found
2025-11-24 21:18:06 error: JsonWebTokenError: jwt must be provided
    at Object.module.exports [as verify] (/home/harshit/Amzon-Web-Services/backend/node_modules/jsonwebtoken/verify.js:60:17)
    at verifyJwt (/home/harshit/Amzon-Web-Services/backend/src/middlewares/authentication.middleware.ts:34:25)
    at Layer.handleRequest (/home/harshit/Amzon-Web-Services/backend/node_modules/router/lib/layer.js:152:17)
    at next (/home/harshit/Amzon-Web-Services/backend/node_modules/router/lib/route.js:157:13)
    at Route.dispatch (/home/harshit/Amzon-Web-Services/backend/node_modules/router/lib/route.js:117:3)
    at handle (/home/harshit/Amzon-Web-Services/backend/node_modules/router/index.js:435:11)
    at Layer.handleRequest (/home/harshit/Amzon-Web-Services/backend/node_modules/router/lib/layer.js:152:17)
    at /home/harshit/Amzon-Web-Services/backend/node_modules/router/index.js:295:15
    at processParams (/home/harshit/Amzon-Web-Services/backend/node_modules/router/index.js:582:12)
    at next (/home/harshit/Amzon-Web-Services/backend/node_modules/router/index.js:291:5)
2025-11-24 21:32:53 info: MongoDB connected successfully
2025-11-24 21:32:55 error: Token not found
2025-11-24 21:32:55 error: JsonWebTokenError: jwt must be provided
    at Object.module.exports [as verify] (/home/harshit/Amzon-Web-Services/backend/node_modules/jsonwebtoken/verify.js:60:17)
    at verifyJwt (/home/harshit/Amzon-Web-Services/backend/src/middlewares/authentication.middleware.ts:34:25)
    at Layer.handleRequest (/home/harshit/Amzon-Web-Services/backend/node_modules/router/lib/layer.js:152:17)
    at next (/home/harshit/Amzon-Web-Services/backend/node_modules/router/lib/route.js:157:13)
    at Route.dispatch (/home/harshit/Amzon-Web-Services/backend/node_modules/router/lib/route.js:117:3)
    at handle (/home/harshit/Amzon-Web-Services/backend/node_modules/router/index.js:435:11)
    at Layer.handleRequest (/home/harshit/Amzon-Web-Services/backend/node_modules/router/lib/layer.js:152:17)
    at /home/harshit/Amzon-Web-Services/backend/node_modules/router/index.js:295:15
    at processParams (/home/harshit/Amzon-Web-Services/backend/node_modules/router/index.js:582:12)
    at next (/home/harshit/Amzon-Web-Services/backend/node_modules/router/index.js:291:5)
2025-11-24 21:33:08 info: MongoDB connected successfully
2025-11-24 21:33:49 error: Token not found
2025-11-24 21:33:49 error: JsonWebTokenError: jwt must be provided
    at Object.module.exports [as verify] (/home/harshit/Amzon-Web-Services/backend/node_modules/jsonwebtoken/verify.js:60:17)
    at verifyJwt (/home/harshit/Amzon-Web-Services/backend/src/middlewares/authentication.middleware.ts:34:25)
    at Layer.handleRequest (/home/harshit/Amzon-Web-Services/backend/node_modules/router/lib/layer.js:152:17)
    at next (/home/harshit/Amzon-Web-Services/backend/node_modules/router/lib/route.js:157:13)
    at Route.dispatch (/home/harshit/Amzon-Web-Services/backend/node_modules/router/lib/route.js:117:3)
    at handle (/home/harshit/Amzon-Web-Services/backend/node_modules/router/index.js:435:11)
    at Layer.handleRequest (/home/harshit/Amzon-Web-Services/backend/node_modules/router/lib/layer.js:152:17)
    at /home/harshit/Amzon-Web-Services/backend/node_modules/router/index.js:295:15
    at processParams (/home/harshit/Amzon-Web-Services/backend/node_modules/router/index.js:582:12)
    at next (/home/harshit/Amzon-Web-Services/backend/node_modules/router/index.js:291:5)
2025-11-24 21:34:09 error: Token not found
2025-11-24 21:34:09 error: JsonWebTokenError: jwt must be provided
    at Object.module.exports [as verify] (/home/harshit/Amzon-Web-Services/backend/node_modules/jsonwebtoken/verify.js:60:17)
    at verifyJwt (/home/harshit/Amzon-Web-Services/backend/src/middlewares/authentication.middleware.ts:34:25)
    at Layer.handleRequest (/home/harshit/Amzon-Web-Services/backend/node_modules/router/lib/layer.js:152:17)
    at next (/home/harshit/Amzon-Web-Services/backend/node_modules/router/lib/route.js:157:13)
    at Route.dispatch (/home/harshit/Amzon-Web-Services/backend/node_modules/router/lib/route.js:117:3)
    at handle (/home/harshit/Amzon-Web-Services/backend/node_modules/router/index.js:435:11)
    at Layer.handleRequest (/home/harshit/Amzon-Web-Services/backend/node_modules/router/lib/layer.js:152:17)
    at /home/harshit/Amzon-Web-Services/backend/node_modules/router/index.js:295:15
    at processParams (/home/harshit/Amzon-Web-Services/backend/node_modules/router/index.js:582:12)
    at next (/home/harshit/Amzon-Web-Services/backend/node_modules/router/index.js:291:5)
2025-11-24 21:35:57 error: Token not found
2025-11-24 21:35:57 error: JsonWebTokenError: jwt must be provided
    at Object.module.exports [as verify] (/home/harshit/Amzon-Web-Services/backend/node_modules/jsonwebtoken/verify.js:60:17)
    at verifyJwt (/home/harshit/Amzon-Web-Services/backend/src/middlewares/authentication.middleware.ts:34:25)
    at Layer.handleRequest (/home/harshit/Amzon-Web-Services/backend/node_modules/router/lib/layer.js:152:17)
    at next (/home/harshit/Amzon-Web-Services/backend/node_modules/router/lib/route.js:157:13)
    at Route.dispatch (/home/harshit/Amzon-Web-Services/backend/node_modules/router/lib/route.js:117:3)
    at handle (/home/harshit/Amzon-Web-Services/backend/node_modules/router/index.js:435:11)
    at Layer.handleRequest (/home/harshit/Amzon-Web-Services/backend/node_modules/router/lib/layer.js:152:17)
    at /home/harshit/Amzon-Web-Services/backend/node_modules/router/index.js:295:15
    at processParams (/home/harshit/Amzon-Web-Services/backend/node_modules/router/index.js:582:12)
    at next (/home/harshit/Amzon-Web-Services/backend/node_modules/router/index.js:291:5)
2025-11-24 21:36:14 info: MongoDB connected successfully
2025-11-24 21:36:19 error: Token not found
2025-11-24 21:36:19 error: JsonWebTokenError: jwt must be provided
    at Object.module.exports [as verify] (/home/harshit/Amzon-Web-Services/backend/node_modules/jsonwebtoken/verify.js:60:17)
    at verifyJwt (/home/harshit/Amzon-Web-Services/backend/src/middlewares/authentication.middleware.ts:34:25)
    at Layer.handleRequest (/home/harshit/Amzon-Web-Services/backend/node_modules/router/lib/layer.js:152:17)
    at next (/home/harshit/Amzon-Web-Services/backend/node_modules/router/lib/route.js:157:13)
    at Route.dispatch (/home/harshit/Amzon-Web-Services/backend/node_modules/router/lib/route.js:117:3)
    at handle (/home/harshit/Amzon-Web-Services/backend/node_modules/router/index.js:435:11)
    at Layer.handleRequest (/home/harshit/Amzon-Web-Services/backend/node_modules/router/lib/layer.js:152:17)
    at /home/harshit/Amzon-Web-Services/backend/node_modules/router/index.js:295:15
    at processParams (/home/harshit/Amzon-Web-Services/backend/node_modules/router/index.js:582:12)
    at next (/home/harshit/Amzon-Web-Services/backend/node_modules/router/index.js:291:5)
2025-11-24 21:36:27 error: Incorrect password
2025-11-24 21:36:39 error: Token not found
2025-11-24 21:36:39 error: JsonWebTokenError: jwt must be provided
    at Object.module.exports [as verify] (/home/harshit/Amzon-Web-Services/backend/node_modules/jsonwebtoken/verify.js:60:17)
    at verifyJwt (/home/harshit/Amzon-Web-Services/backend/src/middlewares/authentication.middleware.ts:34:25)
    at Layer.handleRequest (/home/harshit/Amzon-Web-Services/backend/node_modules/router/lib/layer.js:152:17)
    at next (/home/harshit/Amzon-Web-Services/backend/node_modules/router/lib/route.js:157:13)
    at Route.dispatch (/home/harshit/Amzon-Web-Services/backend/node_modules/router/lib/route.js:117:3)
    at handle (/home/harshit/Amzon-Web-Services/backend/node_modules/router/index.js:435:11)
    at Layer.handleRequest (/home/harshit/Amzon-Web-Services/backend/node_modules/router/lib/layer.js:152:17)
    at /home/harshit/Amzon-Web-Services/backend/node_modules/router/index.js:295:15
    at processParams (/home/harshit/Amzon-Web-Services/backend/node_modules/router/index.js:582:12)
    at next (/home/harshit/Amzon-Web-Services/backend/node_modules/router/index.js:291:5)
2025-11-24 21:39:16 info: MongoDB connected successfully
2025-11-24 21:42:55 info: MongoDB connected successfully
2025-11-24 21:43:02 error: Token not found
2025-11-24 21:43:02 error: JsonWebTokenError: jwt must be provided
    at Object.module.exports [as verify] (/home/harshit/Amzon-Web-Services/backend/node_modules/jsonwebtoken/verify.js:60:17)
    at verifyJwt (/home/harshit/Amzon-Web-Services/backend/src/middlewares/authentication.middleware.ts:34:25)
    at Layer.handleRequest (/home/harshit/Amzon-Web-Services/backend/node_modules/router/lib/layer.js:152:17)
    at next (/home/harshit/Amzon-Web-Services/backend/node_modules/router/lib/route.js:157:13)
    at Route.dispatch (/home/harshit/Amzon-Web-Services/backend/node_modules/router/lib/route.js:117:3)
    at handle (/home/harshit/Amzon-Web-Services/backend/node_modules/router/index.js:435:11)
    at Layer.handleRequest (/home/harshit/Amzon-Web-Services/backend/node_modules/router/lib/layer.js:152:17)
    at /home/harshit/Amzon-Web-Services/backend/node_modules/router/index.js:295:15
    at processParams (/home/harshit/Amzon-Web-Services/backend/node_modules/router/index.js:582:12)
    at next (/home/harshit/Amzon-Web-Services/backend/node_modules/router/index.js:291:5)
2025-11-24 21:43:03 error: Token not found
2025-11-24 21:43:03 error: JsonWebTokenError: jwt must be provided
    at Object.module.exports [as verify] (/home/harshit/Amzon-Web-Services/backend/node_modules/jsonwebtoken/verify.js:60:17)
    at verifyJwt (/home/harshit/Amzon-Web-Services/backend/src/middlewares/authentication.middleware.ts:34:25)
    at Layer.handleRequest (/home/harshit/Amzon-Web-Services/backend/node_modules/router/lib/layer.js:152:17)
    at next (/home/harshit/Amzon-Web-Services/backend/node_modules/router/lib/route.js:157:13)
    at Route.dispatch (/home/harshit/Amzon-Web-Services/backend/node_modules/router/lib/route.js:117:3)
    at handle (/home/harshit/Amzon-Web-Services/backend/node_modules/router/index.js:435:11)
    at Layer.handleRequest (/home/harshit/Amzon-Web-Services/backend/node_modules/router/lib/layer.js:152:17)
    at /home/harshit/Amzon-Web-Services/backend/node_modules/router/index.js:295:15
    at processParams (/home/harshit/Amzon-Web-Services/backend/node_modules/router/index.js:582:12)
    at next (/home/harshit/Amzon-Web-Services/backend/node_modules/router/index.js:291:5)
2025-11-24 21:43:23 info: MongoDB connected successfully
2025-11-24 21:43:29 error: Token not found
2025-11-24 21:43:29 error: JsonWebTokenError: jwt must be provided
    at Object.module.exports [as verify] (/home/harshit/Amzon-Web-Services/backend/node_modules/jsonwebtoken/verify.js:60:17)
    at verifyJwt (/home/harshit/Amzon-Web-Services/backend/src/middlewares/authentication.middleware.ts:34:25)
    at Layer.handleRequest (/home/harshit/Amzon-Web-Services/backend/node_modules/router/lib/layer.js:152:17)
    at next (/home/harshit/Amzon-Web-Services/backend/node_modules/router/lib/route.js:157:13)
    at Route.dispatch (/home/harshit/Amzon-Web-Services/backend/node_modules/router/lib/route.js:117:3)
    at handle (/home/harshit/Amzon-Web-Services/backend/node_modules/router/index.js:435:11)
    at Layer.handleRequest (/home/harshit/Amzon-Web-Services/backend/node_modules/router/lib/layer.js:152:17)
    at /home/harshit/Amzon-Web-Services/backend/node_modules/router/index.js:295:15
    at processParams (/home/harshit/Amzon-Web-Services/backend/node_modules/router/index.js:582:12)
    at next (/home/harshit/Amzon-Web-Services/backend/node_modules/router/index.js:291:5)
2025-11-24 21:43:49 error: Token not found
2025-11-24 21:43:49 error: JsonWebTokenError: jwt must be provided
    at Object.module.exports [as verify] (/home/harshit/Amzon-Web-Services/backend/node_modules/jsonwebtoken/verify.js:60:17)
    at verifyJwt (/home/harshit/Amzon-Web-Services/backend/src/middlewares/authentication.middleware.ts:34:25)
    at Layer.handleRequest (/home/harshit/Amzon-Web-Services/backend/node_modules/router/lib/layer.js:152:17)
    at next (/home/harshit/Amzon-Web-Services/backend/node_modules/router/lib/route.js:157:13)
    at Route.dispatch (/home/harshit/Amzon-Web-Services/backend/node_modules/router/lib/route.js:117:3)
    at handle (/home/harshit/Amzon-Web-Services/backend/node_modules/router/index.js:435:11)
    at Layer.handleRequest (/home/harshit/Amzon-Web-Services/backend/node_modules/router/lib/layer.js:152:17)
    at /home/harshit/Amzon-Web-Services/backend/node_modules/router/index.js:295:15
    at processParams (/home/harshit/Amzon-Web-Services/backend/node_modules/router/index.js:582:12)
    at next (/home/harshit/Amzon-Web-Services/backend/node_modules/router/index.js:291:5)
2025-11-24 21:46:36 info: MongoDB connected successfully
2025-11-24 21:46:37 warn: Token not found
2025-11-24 21:46:37 error: JsonWebTokenError: jwt must be provided
    at Object.module.exports [as verify] (/home/harshit/Amzon-Web-Services/backend/node_modules/jsonwebtoken/verify.js:60:17)
    at verifyJwt (/home/harshit/Amzon-Web-Services/backend/src/middlewares/authentication.middleware.ts:34:25)
    at Layer.handleRequest (/home/harshit/Amzon-Web-Services/backend/node_modules/router/lib/layer.js:152:17)
    at next (/home/harshit/Amzon-Web-Services/backend/node_modules/router/lib/route.js:157:13)
    at Route.dispatch (/home/harshit/Amzon-Web-Services/backend/node_modules/router/lib/route.js:117:3)
    at handle (/home/harshit/Amzon-Web-Services/backend/node_modules/router/index.js:435:11)
    at Layer.handleRequest (/home/harshit/Amzon-Web-Services/backend/node_modules/router/lib/layer.js:152:17)
    at /home/harshit/Amzon-Web-Services/backend/node_modules/router/index.js:295:15
    at processParams (/home/harshit/Amzon-Web-Services/backend/node_modules/router/index.js:582:12)
    at next (/home/harshit/Amzon-Web-Services/backend/node_modules/router/index.js:291:5)
2025-11-24 21:46:57 warn: Token not found
2025-11-24 21:46:57 error: JsonWebTokenError: jwt must be provided
    at Object.module.exports [as verify] (/home/harshit/Amzon-Web-Services/backend/node_modules/jsonwebtoken/verify.js:60:17)
    at verifyJwt (/home/harshit/Amzon-Web-Services/backend/src/middlewares/authentication.middleware.ts:34:25)
    at Layer.handleRequest (/home/harshit/Amzon-Web-Services/backend/node_modules/router/lib/layer.js:152:17)
    at next (/home/harshit/Amzon-Web-Services/backend/node_modules/router/lib/route.js:157:13)
    at Route.dispatch (/home/harshit/Amzon-Web-Services/backend/node_modules/router/lib/route.js:117:3)
    at handle (/home/harshit/Amzon-Web-Services/backend/node_modules/router/index.js:435:11)
    at Layer.handleRequest (/home/harshit/Amzon-Web-Services/backend/node_modules/router/lib/layer.js:152:17)
    at /home/harshit/Amzon-Web-Services/backend/node_modules/router/index.js:295:15
    at processParams (/home/harshit/Amzon-Web-Services/backend/node_modules/router/index.js:582:12)
    at next (/home/harshit/Amzon-Web-Services/backend/node_modules/router/index.js:291:5)
2025-11-24 21:47:27 info: MongoDB connected successfully
2025-11-24 21:47:48 warn: Token not found
2025-11-24 21:47:48 error: JsonWebTokenError: jwt must be provided
    at Object.module.exports [as verify] (/home/harshit/Amzon-Web-Services/backend/node_modules/jsonwebtoken/verify.js:60:17)
    at verifyJwt (/home/harshit/Amzon-Web-Services/backend/src/middlewares/authentication.middleware.ts:34:25)
    at Layer.handleRequest (/home/harshit/Amzon-Web-Services/backend/node_modules/router/lib/layer.js:152:17)
    at next (/home/harshit/Amzon-Web-Services/backend/node_modules/router/lib/route.js:157:13)
    at Route.dispatch (/home/harshit/Amzon-Web-Services/backend/node_modules/router/lib/route.js:117:3)
    at handle (/home/harshit/Amzon-Web-Services/backend/node_modules/router/index.js:435:11)
    at Layer.handleRequest (/home/harshit/Amzon-Web-Services/backend/node_modules/router/lib/layer.js:152:17)
    at /home/harshit/Amzon-Web-Services/backend/node_modules/router/index.js:295:15
    at processParams (/home/harshit/Amzon-Web-Services/backend/node_modules/router/index.js:582:12)
    at next (/home/harshit/Amzon-Web-Services/backend/node_modules/router/index.js:291:5)
2025-11-24 21:48:08 warn: Token not found
2025-11-24 21:48:08 error: JsonWebTokenError: jwt must be provided
    at Object.module.exports [as verify] (/home/harshit/Amzon-Web-Services/backend/node_modules/jsonwebtoken/verify.js:60:17)
    at verifyJwt (/home/harshit/Amzon-Web-Services/backend/src/middlewares/authentication.middleware.ts:34:25)
    at Layer.handleRequest (/home/harshit/Amzon-Web-Services/backend/node_modules/router/lib/layer.js:152:17)
    at next (/home/harshit/Amzon-Web-Services/backend/node_modules/router/lib/route.js:157:13)
    at Route.dispatch (/home/harshit/Amzon-Web-Services/backend/node_modules/router/lib/route.js:117:3)
    at handle (/home/harshit/Amzon-Web-Services/backend/node_modules/router/index.js:435:11)
    at Layer.handleRequest (/home/harshit/Amzon-Web-Services/backend/node_modules/router/lib/layer.js:152:17)
    at /home/harshit/Amzon-Web-Services/backend/node_modules/router/index.js:295:15
    at processParams (/home/harshit/Amzon-Web-Services/backend/node_modules/router/index.js:582:12)
    at next (/home/harshit/Amzon-Web-Services/backend/node_modules/router/index.js:291:5)
2025-11-24 22:01:00 info: MongoDB connected successfully
2025-11-24 22:01:09 warn: Token not found
2025-11-24 22:01:09 error: JsonWebTokenError: jwt must be provided
    at Object.module.exports [as verify] (/home/harshit/Amzon-Web-Services/backend/node_modules/jsonwebtoken/verify.js:60:17)
    at verifyJwt (/home/harshit/Amzon-Web-Services/backend/src/middlewares/authentication.middleware.ts:34:25)
    at Layer.handleRequest (/home/harshit/Amzon-Web-Services/backend/node_modules/router/lib/layer.js:152:17)
    at next (/home/harshit/Amzon-Web-Services/backend/node_modules/router/lib/route.js:157:13)
    at Route.dispatch (/home/harshit/Amzon-Web-Services/backend/node_modules/router/lib/route.js:117:3)
    at handle (/home/harshit/Amzon-Web-Services/backend/node_modules/router/index.js:435:11)
    at Layer.handleRequest (/home/harshit/Amzon-Web-Services/backend/node_modules/router/lib/layer.js:152:17)
    at /home/harshit/Amzon-Web-Services/backend/node_modules/router/index.js:295:15
    at processParams (/home/harshit/Amzon-Web-Services/backend/node_modules/router/index.js:582:12)
    at next (/home/harshit/Amzon-Web-Services/backend/node_modules/router/index.js:291:5)
2025-11-24 22:01:29 warn: Token not found
2025-11-24 22:01:29 error: JsonWebTokenError: jwt must be provided
    at Object.module.exports [as verify] (/home/harshit/Amzon-Web-Services/backend/node_modules/jsonwebtoken/verify.js:60:17)
    at verifyJwt (/home/harshit/Amzon-Web-Services/backend/src/middlewares/authentication.middleware.ts:34:25)
    at Layer.handleRequest (/home/harshit/Amzon-Web-Services/backend/node_modules/router/lib/layer.js:152:17)
    at next (/home/harshit/Amzon-Web-Services/backend/node_modules/router/lib/route.js:157:13)
    at Route.dispatch (/home/harshit/Amzon-Web-Services/backend/node_modules/router/lib/route.js:117:3)
    at handle (/home/harshit/Amzon-Web-Services/backend/node_modules/router/index.js:435:11)
    at Layer.handleRequest (/home/harshit/Amzon-Web-Services/backend/node_modules/router/lib/layer.js:152:17)
    at /home/harshit/Amzon-Web-Services/backend/node_modules/router/index.js:295:15
    at processParams (/home/harshit/Amzon-Web-Services/backend/node_modules/router/index.js:582:12)
    at next (/home/harshit/Amzon-Web-Services/backend/node_modules/router/index.js:291:5)
2025-11-24 22:02:49 info: MongoDB connected successfully
2025-11-24 22:02:49 warn: Token not found
2025-11-24 22:02:49 error: JsonWebTokenError: jwt must be provided
    at Object.module.exports [as verify] (/home/harshit/Amzon-Web-Services/backend/node_modules/jsonwebtoken/verify.js:60:17)
    at verifyJwt (/home/harshit/Amzon-Web-Services/backend/src/middlewares/authentication.middleware.ts:34:25)
    at Layer.handleRequest (/home/harshit/Amzon-Web-Services/backend/node_modules/router/lib/layer.js:152:17)
    at next (/home/harshit/Amzon-Web-Services/backend/node_modules/router/lib/route.js:157:13)
    at Route.dispatch (/home/harshit/Amzon-Web-Services/backend/node_modules/router/lib/route.js:117:3)
    at handle (/home/harshit/Amzon-Web-Services/backend/node_modules/router/index.js:435:11)
    at Layer.handleRequest (/home/harshit/Amzon-Web-Services/backend/node_modules/router/lib/layer.js:152:17)
    at /home/harshit/Amzon-Web-Services/backend/node_modules/router/index.js:295:15
    at processParams (/home/harshit/Amzon-Web-Services/backend/node_modules/router/index.js:582:12)
    at next (/home/harshit/Amzon-Web-Services/backend/node_modules/router/index.js:291:5)
2025-11-24 22:02:49 warn: Token not found
2025-11-24 22:02:49 error: JsonWebTokenError: jwt must be provided
    at Object.module.exports [as verify] (/home/harshit/Amzon-Web-Services/backend/node_modules/jsonwebtoken/verify.js:60:17)
    at verifyJwt (/home/harshit/Amzon-Web-Services/backend/src/middlewares/authentication.middleware.ts:34:25)
    at Layer.handleRequest (/home/harshit/Amzon-Web-Services/backend/node_modules/router/lib/layer.js:152:17)
    at next (/home/harshit/Amzon-Web-Services/backend/node_modules/router/lib/route.js:157:13)
    at Route.dispatch (/home/harshit/Amzon-Web-Services/backend/node_modules/router/lib/route.js:117:3)
    at handle (/home/harshit/Amzon-Web-Services/backend/node_modules/router/index.js:435:11)
    at Layer.handleRequest (/home/harshit/Amzon-Web-Services/backend/node_modules/router/lib/layer.js:152:17)
    at /home/harshit/Amzon-Web-Services/backend/node_modules/router/index.js:295:15
    at processParams (/home/harshit/Amzon-Web-Services/backend/node_modules/router/index.js:582:12)
    at next (/home/harshit/Amzon-Web-Services/backend/node_modules/router/index.js:291:5)
2025-11-24 22:03:02 info: MongoDB connected successfully
2025-11-24 22:03:04 warn: Token not found
2025-11-24 22:03:04 error: JsonWebTokenError: jwt must be provided
    at Object.module.exports [as verify] (/home/harshit/Amzon-Web-Services/backend/node_modules/jsonwebtoken/verify.js:60:17)
    at verifyJwt (/home/harshit/Amzon-Web-Services/backend/src/middlewares/authentication.middleware.ts:34:25)
    at Layer.handleRequest (/home/harshit/Amzon-Web-Services/backend/node_modules/router/lib/layer.js:152:17)
    at next (/home/harshit/Amzon-Web-Services/backend/node_modules/router/lib/route.js:157:13)
    at Route.dispatch (/home/harshit/Amzon-Web-Services/backend/node_modules/router/lib/route.js:117:3)
    at handle (/home/harshit/Amzon-Web-Services/backend/node_modules/router/index.js:435:11)
    at Layer.handleRequest (/home/harshit/Amzon-Web-Services/backend/node_modules/router/lib/layer.js:152:17)
    at /home/harshit/Amzon-Web-Services/backend/node_modules/router/index.js:295:15
    at processParams (/home/harshit/Amzon-Web-Services/backend/node_modules/router/index.js:582:12)
    at next (/home/harshit/Amzon-Web-Services/backend/node_modules/router/index.js:291:5)
2025-11-24 22:03:24 warn: Token not found
2025-11-24 22:03:24 error: JsonWebTokenError: jwt must be provided
    at Object.module.exports [as verify] (/home/harshit/Amzon-Web-Services/backend/node_modules/jsonwebtoken/verify.js:60:17)
    at verifyJwt (/home/harshit/Amzon-Web-Services/backend/src/middlewares/authentication.middleware.ts:34:25)
    at Layer.handleRequest (/home/harshit/Amzon-Web-Services/backend/node_modules/router/lib/layer.js:152:17)
    at next (/home/harshit/Amzon-Web-Services/backend/node_modules/router/lib/route.js:157:13)
    at Route.dispatch (/home/harshit/Amzon-Web-Services/backend/node_modules/router/lib/route.js:117:3)
    at handle (/home/harshit/Amzon-Web-Services/backend/node_modules/router/index.js:435:11)
    at Layer.handleRequest (/home/harshit/Amzon-Web-Services/backend/node_modules/router/lib/layer.js:152:17)
    at /home/harshit/Amzon-Web-Services/backend/node_modules/router/index.js:295:15
    at processParams (/home/harshit/Amzon-Web-Services/backend/node_modules/router/index.js:582:12)
    at next (/home/harshit/Amzon-Web-Services/backend/node_modules/router/index.js:291:5)
2025-11-24 22:07:05 info: MongoDB connected successfully
2025-11-24 22:07:29 info: MongoDB connected successfully
2025-11-24 22:07:51 info: MongoDB connected successfully
2025-11-24 22:08:02 info: MongoDB connected successfully
2025-11-24 22:08:45 info: MongoDB connected successfully
2025-11-24 22:09:32 info: MongoDB connected successfully
2025-11-24 22:09:45 info: MongoDB connected successfully
2025-11-24 22:10:05 info: MongoDB connected successfully
2025-11-24 22:10:16 warn: Token not found
2025-11-24 22:10:16 error: JsonWebTokenError: jwt must be provided
    at Object.module.exports [as verify] (/home/harshit/Amzon-Web-Services/backend/node_modules/jsonwebtoken/verify.js:60:17)
    at verifyJwt (/home/harshit/Amzon-Web-Services/backend/src/middlewares/authentication.middleware.ts:34:25)
    at Layer.handleRequest (/home/harshit/Amzon-Web-Services/backend/node_modules/router/lib/layer.js:152:17)
    at next (/home/harshit/Amzon-Web-Services/backend/node_modules/router/lib/route.js:157:13)
    at Route.dispatch (/home/harshit/Amzon-Web-Services/backend/node_modules/router/lib/route.js:117:3)
    at handle (/home/harshit/Amzon-Web-Services/backend/node_modules/router/index.js:435:11)
    at Layer.handleRequest (/home/harshit/Amzon-Web-Services/backend/node_modules/router/lib/layer.js:152:17)
    at /home/harshit/Amzon-Web-Services/backend/node_modules/router/index.js:295:15
    at processParams (/home/harshit/Amzon-Web-Services/backend/node_modules/router/index.js:582:12)
    at next (/home/harshit/Amzon-Web-Services/backend/node_modules/router/index.js:291:5)
2025-11-24 22:10:16 warn: Token not found
2025-11-24 22:10:16 error: JsonWebTokenError: jwt must be provided
    at Object.module.exports [as verify] (/home/harshit/Amzon-Web-Services/backend/node_modules/jsonwebtoken/verify.js:60:17)
    at verifyJwt (/home/harshit/Amzon-Web-Services/backend/src/middlewares/authentication.middleware.ts:34:25)
    at Layer.handleRequest (/home/harshit/Amzon-Web-Services/backend/node_modules/router/lib/layer.js:152:17)
    at next (/home/harshit/Amzon-Web-Services/backend/node_modules/router/lib/route.js:157:13)
    at Route.dispatch (/home/harshit/Amzon-Web-Services/backend/node_modules/router/lib/route.js:117:3)
    at handle (/home/harshit/Amzon-Web-Services/backend/node_modules/router/index.js:435:11)
    at Layer.handleRequest (/home/harshit/Amzon-Web-Services/backend/node_modules/router/lib/layer.js:152:17)
    at /home/harshit/Amzon-Web-Services/backend/node_modules/router/index.js:295:15
    at processParams (/home/harshit/Amzon-Web-Services/backend/node_modules/router/index.js:582:12)
    at next (/home/harshit/Amzon-Web-Services/backend/node_modules/router/index.js:291:5)
2025-11-24 22:10:36 warn: Token not found
2025-11-24 22:10:36 error: JsonWebTokenError: jwt must be provided
    at Object.module.exports [as verify] (/home/harshit/Amzon-Web-Services/backend/node_modules/jsonwebtoken/verify.js:60:17)
    at verifyJwt (/home/harshit/Amzon-Web-Services/backend/src/middlewares/authentication.middleware.ts:34:25)
    at Layer.handleRequest (/home/harshit/Amzon-Web-Services/backend/node_modules/router/lib/layer.js:152:17)
    at next (/home/harshit/Amzon-Web-Services/backend/node_modules/router/lib/route.js:157:13)
    at Route.dispatch (/home/harshit/Amzon-Web-Services/backend/node_modules/router/lib/route.js:117:3)
    at handle (/home/harshit/Amzon-Web-Services/backend/node_modules/router/index.js:435:11)
    at Layer.handleRequest (/home/harshit/Amzon-Web-Services/backend/node_modules/router/lib/layer.js:152:17)
    at /home/harshit/Amzon-Web-Services/backend/node_modules/router/index.js:295:15
    at processParams (/home/harshit/Amzon-Web-Services/backend/node_modules/router/index.js:582:12)
    at next (/home/harshit/Amzon-Web-Services/backend/node_modules/router/index.js:291:5)
2025-11-24 22:10:54 info: MongoDB connected successfully
2025-11-24 22:11:16 warn: Token not found
2025-11-24 22:11:16 error: JsonWebTokenError: jwt must be provided
    at Object.module.exports [as verify] (/home/harshit/Amzon-Web-Services/backend/node_modules/jsonwebtoken/verify.js:60:17)
    at verifyJwt (/home/harshit/Amzon-Web-Services/backend/src/middlewares/authentication.middleware.ts:34:25)
    at Layer.handleRequest (/home/harshit/Amzon-Web-Services/backend/node_modules/router/lib/layer.js:152:17)
    at next (/home/harshit/Amzon-Web-Services/backend/node_modules/router/lib/route.js:157:13)
    at Route.dispatch (/home/harshit/Amzon-Web-Services/backend/node_modules/router/lib/route.js:117:3)
    at handle (/home/harshit/Amzon-Web-Services/backend/node_modules/router/index.js:435:11)
    at Layer.handleRequest (/home/harshit/Amzon-Web-Services/backend/node_modules/router/lib/layer.js:152:17)
    at /home/harshit/Amzon-Web-Services/backend/node_modules/router/index.js:295:15
    at processParams (/home/harshit/Amzon-Web-Services/backend/node_modules/router/index.js:582:12)
    at next (/home/harshit/Amzon-Web-Services/backend/node_modules/router/index.js:291:5)
2025-11-24 22:11:36 warn: Token not found
2025-11-24 22:11:36 error: JsonWebTokenError: jwt must be provided
    at Object.module.exports [as verify] (/home/harshit/Amzon-Web-Services/backend/node_modules/jsonwebtoken/verify.js:60:17)
    at verifyJwt (/home/harshit/Amzon-Web-Services/backend/src/middlewares/authentication.middleware.ts:34:25)
    at Layer.handleRequest (/home/harshit/Amzon-Web-Services/backend/node_modules/router/lib/layer.js:152:17)
    at next (/home/harshit/Amzon-Web-Services/backend/node_modules/router/lib/route.js:157:13)
    at Route.dispatch (/home/harshit/Amzon-Web-Services/backend/node_modules/router/lib/route.js:117:3)
    at handle (/home/harshit/Amzon-Web-Services/backend/node_modules/router/index.js:435:11)
    at Layer.handleRequest (/home/harshit/Amzon-Web-Services/backend/node_modules/router/lib/layer.js:152:17)
    at /home/harshit/Amzon-Web-Services/backend/node_modules/router/index.js:295:15
    at processParams (/home/harshit/Amzon-Web-Services/backend/node_modules/router/index.js:582:12)
    at next (/home/harshit/Amzon-Web-Services/backend/node_modules/router/index.js:291:5)
2025-11-24 22:13:37 info: MongoDB connected successfully
2025-11-24 22:13:55 info: MongoDB connected successfully
2025-11-24 22:15:01 info: MongoDB connected successfully
2025-11-24 22:16:43 info: MongoDB connected successfully
2025-11-24 22:16:47 error: Incorrect password
2025-11-24 22:28:06 info: MongoDB connected successfully
2025-11-24 22:38:00 error: Incorrect password
2025-11-24 22:49:38 error: Incorrect password
2025-11-24 22:49:39 error: Incorrect password
2025-11-25 09:44:57 info: MongoDB connected successfully
2025-11-25 10:31:51 info: MongoDB connected successfully
2025-11-25 10:32:04 info: MongoDB connected successfully
2025-11-25 10:32:17 info: MongoDB connected successfully
2025-11-25 10:32:41 info: MongoDB connected successfully
2025-11-25 10:32:56 info: MongoDB connected successfully
2025-11-25 10:33:50 info: MongoDB connected successfully
2025-11-25 10:34:34 info: MongoDB connected successfully
2025-11-25 10:34:46 info: MongoDB connected successfully
2025-11-25 10:35:04 info: MongoDB connected successfully
2025-11-25 10:35:23 info: MongoDB connected successfully
2025-11-25 10:35:42 info: MongoDB connected successfully
2025-11-25 10:36:05 info: MongoDB connected successfully
2025-11-25 10:36:13 info: MongoDB connected successfully
2025-11-25 10:36:20 info: MongoDB connected successfully
2025-11-25 10:36:45 info: MongoDB connected successfully
2025-11-25 10:38:39 info: MongoDB connected successfully
2025-11-25 10:38:55 info: MongoDB connected successfully
2025-11-25 10:39:24 info: MongoDB connected successfully
2025-11-25 10:40:21 info: MongoDB connected successfully
2025-11-25 10:41:15 info: MongoDB connected successfully
2025-11-25 10:44:14 info: MongoDB connected successfully
2025-11-25 10:49:41 info: MongoDB connected successfully
2025-11-25 10:49:54 info: MongoDB connected successfully
2025-11-25 10:50:04 info: MongoDB connected successfully
2025-11-25 10:51:01 info: MongoDB connected successfully
2025-11-25 10:51:22 info: MongoDB connected successfully
2025-11-25 10:51:42 info: MongoDB connected successfully
2025-11-25 10:52:19 info: MongoDB connected successfully
2025-11-25 10:52:36 info: MongoDB connected successfully
2025-11-25 10:52:49 info: MongoDB connected successfully
2025-11-25 10:53:19 info: MongoDB connected successfully
2025-11-25 10:53:25 info: MongoDB connected successfully
2025-11-25 10:53:46 info: MongoDB connected successfully
2025-11-25 10:54:05 info: MongoDB connected successfully
2025-11-25 10:54:15 info: MongoDB connected successfully
2025-11-25 10:56:27 info: MongoDB connected successfully
2025-11-25 10:56:58 info: MongoDB connected successfully
2025-11-25 11:09:12 error: Server error
2025-11-25 11:09:12 error: Server error
2025-11-25 11:09:26 error: Server error
2025-11-25 11:09:56 info: MongoDB connected successfully
2025-11-25 11:10:02 info: MongoDB connected successfully
2025-11-25 11:10:07 error: Password is required
2025-11-25 11:10:14 error: Server error
2025-11-25 11:10:14 error: Server error
2025-11-25 11:11:57 info: MongoDB connected successfully
2025-11-25 11:14:16 info: MongoDB connected successfully
2025-11-25 11:14:55 info: MongoDB connected successfully
2025-11-25 11:15:04 info: MongoDB connected successfully
2025-11-25 11:16:37 info: MongoDB connected successfully
2025-11-25 11:17:46 info: User successfully created
2025-11-25 11:19:57 info: User successfully created
2025-11-25 11:20:33 info: User successfully created
2025-11-25 11:21:32 info: User successfully created
2025-11-25 11:22:14 info: User successfully created
2025-11-25 11:22:48 info: User successfully created
2025-11-25 11:23:36 info: User successfully created
2025-11-25 11:24:37 info: User successfully created
2025-11-25 11:25:12 info: User successfully created
2025-11-25 18:37:05 info: MongoDB connected successfully
2025-11-25 19:18:38 info: MongoDB connected successfully
2025-11-25 19:28:39 info: MongoDB connected successfully
2025-11-25 19:29:00 info: MongoDB connected successfully
2025-11-25 19:29:59 info: MongoDB connected successfully
2025-11-25 19:30:21 info: MongoDB connected successfully
2025-11-25 19:31:13 info: MongoDB connected successfully
2025-11-25 19:31:13 info: MongoDB connected successfully
2025-11-25 19:33:40 info: MongoDB connected successfully
2025-11-25 19:35:57 info: MongoDB connected successfully
2025-11-25 19:37:48 info: MongoDB connected successfully
2025-11-25 19:45:16 info: MongoDB connected successfully
2025-11-25 19:45:28 info: MongoDB connected successfully
2025-11-25 19:47:04 info: MongoDB connected successfully
2025-11-25 19:47:08 warn: Token not found
2025-11-25 19:47:08 error: JsonWebTokenError: jwt must be provided
    at Object.module.exports [as verify] (/home/harshit/Amzon-Web-Services/backend/node_modules/jsonwebtoken/verify.js:60:17)
    at verifyJwt (/home/harshit/Amzon-Web-Services/backend/src/middlewares/authentication.middleware.ts:34:25)
    at Layer.handleRequest (/home/harshit/Amzon-Web-Services/backend/node_modules/router/lib/layer.js:152:17)
    at next (/home/harshit/Amzon-Web-Services/backend/node_modules/router/lib/route.js:157:13)
    at Route.dispatch (/home/harshit/Amzon-Web-Services/backend/node_modules/router/lib/route.js:117:3)
    at handle (/home/harshit/Amzon-Web-Services/backend/node_modules/router/index.js:435:11)
    at Layer.handleRequest (/home/harshit/Amzon-Web-Services/backend/node_modules/router/lib/layer.js:152:17)
    at /home/harshit/Amzon-Web-Services/backend/node_modules/router/index.js:295:15
    at processParams (/home/harshit/Amzon-Web-Services/backend/node_modules/router/index.js:582:12)
    at next (/home/harshit/Amzon-Web-Services/backend/node_modules/router/index.js:291:5)
2025-11-25 19:47:12 warn: Token not found
2025-11-25 19:47:12 error: JsonWebTokenError: jwt must be provided
    at Object.module.exports [as verify] (/home/harshit/Amzon-Web-Services/backend/node_modules/jsonwebtoken/verify.js:60:17)
    at verifyJwt (/home/harshit/Amzon-Web-Services/backend/src/middlewares/authentication.middleware.ts:34:25)
    at Layer.handleRequest (/home/harshit/Amzon-Web-Services/backend/node_modules/router/lib/layer.js:152:17)
    at next (/home/harshit/Amzon-Web-Services/backend/node_modules/router/lib/route.js:157:13)
    at Route.dispatch (/home/harshit/Amzon-Web-Services/backend/node_modules/router/lib/route.js:117:3)
    at handle (/home/harshit/Amzon-Web-Services/backend/node_modules/router/index.js:435:11)
    at Layer.handleRequest (/home/harshit/Amzon-Web-Services/backend/node_modules/router/lib/layer.js:152:17)
    at /home/harshit/Amzon-Web-Services/backend/node_modules/router/index.js:295:15
    at processParams (/home/harshit/Amzon-Web-Services/backend/node_modules/router/index.js:582:12)
    at next (/home/harshit/Amzon-Web-Services/backend/node_modules/router/index.js:291:5)
2025-11-25 19:47:29 warn: Token not found
2025-11-25 19:47:29 error: JsonWebTokenError: jwt must be provided
    at Object.module.exports [as verify] (/home/harshit/Amzon-Web-Services/backend/node_modules/jsonwebtoken/verify.js:60:17)
    at verifyJwt (/home/harshit/Amzon-Web-Services/backend/src/middlewares/authentication.middleware.ts:34:25)
    at Layer.handleRequest (/home/harshit/Amzon-Web-Services/backend/node_modules/router/lib/layer.js:152:17)
    at next (/home/harshit/Amzon-Web-Services/backend/node_modules/router/lib/route.js:157:13)
    at Route.dispatch (/home/harshit/Amzon-Web-Services/backend/node_modules/router/lib/route.js:117:3)
    at handle (/home/harshit/Amzon-Web-Services/backend/node_modules/router/index.js:435:11)
    at Layer.handleRequest (/home/harshit/Amzon-Web-Services/backend/node_modules/router/lib/layer.js:152:17)
    at /home/harshit/Amzon-Web-Services/backend/node_modules/router/index.js:295:15
    at processParams (/home/harshit/Amzon-Web-Services/backend/node_modules/router/index.js:582:12)
    at next (/home/harshit/Amzon-Web-Services/backend/node_modules/router/index.js:291:5)
2025-11-25 19:47:49 warn: Token not found
2025-11-25 19:47:49 error: JsonWebTokenError: jwt must be provided
    at Object.module.exports [as verify] (/home/harshit/Amzon-Web-Services/backend/node_modules/jsonwebtoken/verify.js:60:17)
    at verifyJwt (/home/harshit/Amzon-Web-Services/backend/src/middlewares/authentication.middleware.ts:34:25)
    at Layer.handleRequest (/home/harshit/Amzon-Web-Services/backend/node_modules/router/lib/layer.js:152:17)
    at next (/home/harshit/Amzon-Web-Services/backend/node_modules/router/lib/route.js:157:13)
    at Route.dispatch (/home/harshit/Amzon-Web-Services/backend/node_modules/router/lib/route.js:117:3)
    at handle (/home/harshit/Amzon-Web-Services/backend/node_modules/router/index.js:435:11)
    at Layer.handleRequest (/home/harshit/Amzon-Web-Services/backend/node_modules/router/lib/layer.js:152:17)
    at /home/harshit/Amzon-Web-Services/backend/node_modules/router/index.js:295:15
    at processParams (/home/harshit/Amzon-Web-Services/backend/node_modules/router/index.js:582:12)
    at next (/home/harshit/Amzon-Web-Services/backend/node_modules/router/index.js:291:5)
2025-11-25 19:48:52 info: MongoDB connected successfully
2025-11-25 19:51:09 info: MongoDB connected successfully
2025-11-25 19:56:12 info: MongoDB connected successfully
2025-11-25 19:56:24 warn: Token not found
2025-11-25 19:56:24 error: JsonWebTokenError: jwt must be provided
    at Object.module.exports [as verify] (/home/harshit/Amzon-Web-Services/backend/node_modules/jsonwebtoken/verify.js:60:17)
    at verifyJwt (/home/harshit/Amzon-Web-Services/backend/src/middlewares/authentication.middleware.ts:34:25)
    at Layer.handleRequest (/home/harshit/Amzon-Web-Services/backend/node_modules/router/lib/layer.js:152:17)
    at next (/home/harshit/Amzon-Web-Services/backend/node_modules/router/lib/route.js:157:13)
    at Route.dispatch (/home/harshit/Amzon-Web-Services/backend/node_modules/router/lib/route.js:117:3)
    at handle (/home/harshit/Amzon-Web-Services/backend/node_modules/router/index.js:435:11)
    at Layer.handleRequest (/home/harshit/Amzon-Web-Services/backend/node_modules/router/lib/layer.js:152:17)
    at /home/harshit/Amzon-Web-Services/backend/node_modules/router/index.js:295:15
    at processParams (/home/harshit/Amzon-Web-Services/backend/node_modules/router/index.js:582:12)
    at next (/home/harshit/Amzon-Web-Services/backend/node_modules/router/index.js:291:5)
2025-11-25 19:56:44 warn: Token not found
2025-11-25 19:56:44 error: JsonWebTokenError: jwt must be provided
    at Object.module.exports [as verify] (/home/harshit/Amzon-Web-Services/backend/node_modules/jsonwebtoken/verify.js:60:17)
    at verifyJwt (/home/harshit/Amzon-Web-Services/backend/src/middlewares/authentication.middleware.ts:34:25)
    at Layer.handleRequest (/home/harshit/Amzon-Web-Services/backend/node_modules/router/lib/layer.js:152:17)
    at next (/home/harshit/Amzon-Web-Services/backend/node_modules/router/lib/route.js:157:13)
    at Route.dispatch (/home/harshit/Amzon-Web-Services/backend/node_modules/router/lib/route.js:117:3)
    at handle (/home/harshit/Amzon-Web-Services/backend/node_modules/router/index.js:435:11)
    at Layer.handleRequest (/home/harshit/Amzon-Web-Services/backend/node_modules/router/lib/layer.js:152:17)
    at /home/harshit/Amzon-Web-Services/backend/node_modules/router/index.js:295:15
    at processParams (/home/harshit/Amzon-Web-Services/backend/node_modules/router/index.js:582:12)
    at next (/home/harshit/Amzon-Web-Services/backend/node_modules/router/index.js:291:5)
2025-11-25 19:59:08 warn: Token not found
2025-11-25 19:59:08 error: JsonWebTokenError: jwt must be provided
    at Object.module.exports [as verify] (/home/harshit/Amzon-Web-Services/backend/node_modules/jsonwebtoken/verify.js:60:17)
    at verifyJwt (/home/harshit/Amzon-Web-Services/backend/src/middlewares/authentication.middleware.ts:34:25)
    at Layer.handleRequest (/home/harshit/Amzon-Web-Services/backend/node_modules/router/lib/layer.js:152:17)
    at next (/home/harshit/Amzon-Web-Services/backend/node_modules/router/lib/route.js:157:13)
    at Route.dispatch (/home/harshit/Amzon-Web-Services/backend/node_modules/router/lib/route.js:117:3)
    at handle (/home/harshit/Amzon-Web-Services/backend/node_modules/router/index.js:435:11)
    at Layer.handleRequest (/home/harshit/Amzon-Web-Services/backend/node_modules/router/lib/layer.js:152:17)
    at /home/harshit/Amzon-Web-Services/backend/node_modules/router/index.js:295:15
    at processParams (/home/harshit/Amzon-Web-Services/backend/node_modules/router/index.js:582:12)
    at next (/home/harshit/Amzon-Web-Services/backend/node_modules/router/index.js:291:5)
2025-11-25 19:59:11 warn: Token not found
2025-11-25 19:59:11 error: JsonWebTokenError: jwt must be provided
    at Object.module.exports [as verify] (/home/harshit/Amzon-Web-Services/backend/node_modules/jsonwebtoken/verify.js:60:17)
    at verifyJwt (/home/harshit/Amzon-Web-Services/backend/src/middlewares/authentication.middleware.ts:34:25)
    at Layer.handleRequest (/home/harshit/Amzon-Web-Services/backend/node_modules/router/lib/layer.js:152:17)
    at next (/home/harshit/Amzon-Web-Services/backend/node_modules/router/lib/route.js:157:13)
    at Route.dispatch (/home/harshit/Amzon-Web-Services/backend/node_modules/router/lib/route.js:117:3)
    at handle (/home/harshit/Amzon-Web-Services/backend/node_modules/router/index.js:435:11)
    at Layer.handleRequest (/home/harshit/Amzon-Web-Services/backend/node_modules/router/lib/layer.js:152:17)
    at /home/harshit/Amzon-Web-Services/backend/node_modules/router/index.js:295:15
    at processParams (/home/harshit/Amzon-Web-Services/backend/node_modules/router/index.js:582:12)
    at next (/home/harshit/Amzon-Web-Services/backend/node_modules/router/index.js:291:5)
2025-11-25 19:59:45 info: MongoDB connected successfully
2025-11-25 21:56:56 info: MongoDB connected successfully
2025-11-25 21:57:06 error: Password is required
